This file contains any messages produced by compilers while
running configure, to aid debugging if configure makes a mistake.

It was created by configure, which was
generated by GNU Autoconf 2.63.  Invocation command line was

  $ ./configure 

## --------- ##
## Platform. ##
## --------- ##

hostname = abdelrahman-laptop
uname -m = x86_64
uname -r = 3.16.0-34-generic
uname -s = Linux
uname -v = #47~14.04.1-Ubuntu SMP Fri Apr 10 17:49:16 UTC 2015

/usr/bin/uname -p = unknown
/bin/uname -X     = unknown

/bin/arch              = unknown
/usr/bin/arch -k       = unknown
/usr/convex/getsysinfo = unknown
/usr/bin/hostinfo      = unknown
/bin/machine           = unknown
/usr/bin/oslevel       = unknown
/bin/universe          = unknown

PATH: /usr/local/sbin
PATH: /usr/local/bin
PATH: /usr/sbin
PATH: /usr/bin
PATH: /sbin
PATH: /bin
PATH: /usr/games
PATH: /usr/local/games


## ----------- ##
## Core tests. ##
## ----------- ##

configure:2071: checking build system type
configure:2089: result: x86_64-unknown-linux-gnu
configure:2111: checking host system type
configure:2126: result: x86_64-unknown-linux-gnu
configure:2148: checking target system type
configure:2163: result: x86_64-unknown-linux-gnu
configure:2208: checking for a BSD-compatible install
configure:2276: result: /usr/bin/install -c
configure:2287: checking whether build environment is sane
configure:2347: result: yes
configure:2488: checking for a thread-safe mkdir -p
configure:2527: result: /bin/mkdir -p
configure:2540: checking for gawk
configure:2556: found /usr/bin/gawk
configure:2567: result: gawk
configure:2578: checking whether make sets $(MAKE)
configure:2600: result: yes
configure:2751: checking for g++
configure:2767: found /usr/bin/g++
configure:2778: result: g++
configure:2805: checking for C++ compiler version
configure:2813: g++ --version >&5
g++ (Ubuntu 4.8.2-19ubuntu1) 4.8.2
Copyright (C) 2013 Free Software Foundation, Inc.
This is free software; see the source for copying conditions.  There is NO
warranty; not even for MERCHANTABILITY or FITNESS FOR A PARTICULAR PURPOSE.

configure:2817: $? = 0
configure:2824: g++ -v >&5
Using built-in specs.
COLLECT_GCC=g++
COLLECT_LTO_WRAPPER=/usr/lib/gcc/x86_64-linux-gnu/4.8/lto-wrapper
Target: x86_64-linux-gnu
Configured with: ../src/configure -v --with-pkgversion='Ubuntu 4.8.2-19ubuntu1' --with-bugurl=file:///usr/share/doc/gcc-4.8/README.Bugs --enable-languages=c,c++,java,go,d,fortran,objc,obj-c++ --prefix=/usr --program-suffix=-4.8 --enable-shared --enable-linker-build-id --libexecdir=/usr/lib --without-included-gettext --enable-threads=posix --with-gxx-include-dir=/usr/include/c++/4.8 --libdir=/usr/lib --enable-nls --with-sysroot=/ --enable-clocale=gnu --enable-libstdcxx-debug --enable-libstdcxx-time=yes --enable-gnu-unique-object --disable-libmudflap --enable-plugin --with-system-zlib --disable-browser-plugin --enable-java-awt=gtk --enable-gtk-cairo --with-java-home=/usr/lib/jvm/java-1.5.0-gcj-4.8-amd64/jre --enable-java-home --with-jvm-root-dir=/usr/lib/jvm/java-1.5.0-gcj-4.8-amd64 --with-jvm-jar-dir=/usr/lib/jvm-exports/java-1.5.0-gcj-4.8-amd64 --with-arch-directory=amd64 --with-ecj-jar=/usr/share/java/eclipse-ecj.jar --enable-objc-gc --enable-multiarch --disable-werror --with-arch-32=i686 --with-abi=m64 --with-multilib-list=m32,m64,mx32 --with-tune=generic --enable-checking=release --build=x86_64-linux-gnu --host=x86_64-linux-gnu --target=x86_64-linux-gnu
Thread model: posix
gcc version 4.8.2 (Ubuntu 4.8.2-19ubuntu1) 
configure:2828: $? = 0
configure:2835: g++ -V >&5
g++: error: unrecognized command line option '-V'
g++: fatal error: no input files
compilation terminated.
configure:2839: $? = 4
configure:2862: checking for C++ compiler default output file name
configure:2884: g++    conftest.cpp  >&5
configure:2888: $? = 0
configure:2926: result: a.out
configure:2945: checking whether the C++ compiler works
configure:2955: ./a.out
configure:2959: $? = 0
configure:2978: result: yes
configure:2985: checking whether we are cross compiling
configure:2987: result: no
configure:2990: checking for suffix of executables
configure:2997: g++ -o conftest    conftest.cpp  >&5
configure:3001: $? = 0
configure:3027: result: 
configure:3033: checking for suffix of object files
configure:3059: g++ -c   conftest.cpp >&5
configure:3063: $? = 0
configure:3088: result: o
configure:3092: checking whether we are using the GNU C++ compiler
configure:3121: g++ -c   conftest.cpp >&5
configure:3128: $? = 0
configure:3145: result: yes
configure:3154: checking whether g++ accepts -g
configure:3184: g++ -c -g  conftest.cpp >&5
configure:3191: $? = 0
configure:3292: result: yes
configure:3326: checking for style of include used by make
configure:3354: result: GNU
configure:3379: checking dependency style of g++
configure:3489: result: gcc3
configure:3504: checking maximum warning verbosity option
configure:3525: result: -Wall for C++
configure:3579: checking for gcc
configure:3595: found /usr/bin/gcc
configure:3606: result: gcc
configure:3838: checking for C compiler version
configure:3846: gcc --version >&5
gcc (Ubuntu 4.8.2-19ubuntu1) 4.8.2
Copyright (C) 2013 Free Software Foundation, Inc.
This is free software; see the source for copying conditions.  There is NO
warranty; not even for MERCHANTABILITY or FITNESS FOR A PARTICULAR PURPOSE.

configure:3850: $? = 0
configure:3857: gcc -v >&5
Using built-in specs.
COLLECT_GCC=gcc
COLLECT_LTO_WRAPPER=/usr/lib/gcc/x86_64-linux-gnu/4.8/lto-wrapper
Target: x86_64-linux-gnu
Configured with: ../src/configure -v --with-pkgversion='Ubuntu 4.8.2-19ubuntu1' --with-bugurl=file:///usr/share/doc/gcc-4.8/README.Bugs --enable-languages=c,c++,java,go,d,fortran,objc,obj-c++ --prefix=/usr --program-suffix=-4.8 --enable-shared --enable-linker-build-id --libexecdir=/usr/lib --without-included-gettext --enable-threads=posix --with-gxx-include-dir=/usr/include/c++/4.8 --libdir=/usr/lib --enable-nls --with-sysroot=/ --enable-clocale=gnu --enable-libstdcxx-debug --enable-libstdcxx-time=yes --enable-gnu-unique-object --disable-libmudflap --enable-plugin --with-system-zlib --disable-browser-plugin --enable-java-awt=gtk --enable-gtk-cairo --with-java-home=/usr/lib/jvm/java-1.5.0-gcj-4.8-amd64/jre --enable-java-home --with-jvm-root-dir=/usr/lib/jvm/java-1.5.0-gcj-4.8-amd64 --with-jvm-jar-dir=/usr/lib/jvm-exports/java-1.5.0-gcj-4.8-amd64 --with-arch-directory=amd64 --with-ecj-jar=/usr/share/java/eclipse-ecj.jar --enable-objc-gc --enable-multiarch --disable-werror --with-arch-32=i686 --with-abi=m64 --with-multilib-list=m32,m64,mx32 --with-tune=generic --enable-checking=release --build=x86_64-linux-gnu --host=x86_64-linux-gnu --target=x86_64-linux-gnu
Thread model: posix
gcc version 4.8.2 (Ubuntu 4.8.2-19ubuntu1) 
configure:3861: $? = 0
configure:3868: gcc -V >&5
gcc: error: unrecognized command line option '-V'
gcc: fatal error: no input files
compilation terminated.
configure:3872: $? = 4
configure:3875: checking whether we are using the GNU C compiler
configure:3904: gcc -c   conftest.c >&5
configure:3911: $? = 0
configure:3928: result: yes
configure:3937: checking whether gcc accepts -g
configure:3967: gcc -c -g  conftest.c >&5
configure:3974: $? = 0
configure:4075: result: yes
configure:4092: checking for gcc option to accept ISO C89
configure:4166: gcc  -c -g -O2  conftest.c >&5
configure:4173: $? = 0
configure:4196: result: none needed
configure:4216: checking dependency style of gcc
configure:4326: result: gcc3
configure:4342: checking whether gcc and cc understand -c and -o together
configure:4377: gcc -c conftest.c -o conftest2.o >&5
configure:4381: $? = 0
configure:4387: gcc -c conftest.c -o conftest2.o >&5
configure:4391: $? = 0
configure:4402: cc -c conftest.c >&5
configure:4406: $? = 0
configure:4414: cc -c conftest.c -o conftest2.o >&5
configure:4418: $? = 0
configure:4424: cc -c conftest.c -o conftest2.o >&5
configure:4428: $? = 0
configure:4446: result: yes
configure:4537: checking for a sed that does not truncate output
configure:4603: result: /bin/sed
configure:4621: checking for grep that handles long lines and -e
configure:4681: result: /bin/grep
configure:4686: checking for egrep
configure:4750: result: /bin/grep -E
configure:4755: checking for fgrep
configure:4819: result: /bin/grep -F
configure:4854: checking for ld used by gcc
configure:4921: result: /usr/bin/ld
configure:4930: checking if the linker (/usr/bin/ld) is GNU ld
configure:4945: result: yes
configure:4957: checking for BSD- or MS-compatible name lister (nm)
configure:5006: result: /usr/bin/nm -B
configure:5124: checking the name lister (/usr/bin/nm -B) interface
configure:5131: g++ -c -g -O2 -Wall  conftest.cpp >&5
configure:5134: /usr/bin/nm -B "conftest.o"
configure:5137: output
0000000000000000 B some_variable
configure:5144: result: BSD nm
configure:5147: checking whether ln -s works
configure:5151: result: yes
configure:5159: checking the maximum length of command line arguments
configure:5279: result: 3458764513820540925
configure:5296: checking whether the shell understands some XSI constructs
configure:5306: result: yes
configure:5310: checking whether the shell understands "+="
configure:5316: result: yes
configure:5351: checking for /usr/bin/ld option to reload object files
configure:5358: result: -r
configure:5427: checking for objdump
configure:5443: found /usr/bin/objdump
configure:5454: result: objdump
configure:5486: checking how to recognize dependent libraries
configure:5682: result: pass_all
configure:5742: checking for ar
configure:5758: found /usr/bin/ar
configure:5769: result: ar
configure:5847: checking for strip
configure:5863: found /usr/bin/strip
configure:5874: result: strip
configure:5946: checking for ranlib
configure:5962: found /usr/bin/ranlib
configure:5973: result: ranlib
configure:6063: checking command to parse /usr/bin/nm -B output from gcc object
configure:6181: g++ -c -g -O2 -Wall  conftest.cpp >&5
configure:6184: $? = 0
configure:6188: /usr/bin/nm -B conftest.o \| sed -n -e 's/^.*[	 ]\([ABCDGIRSTW][ABCDGIRSTW]*\)[	 ][	 ]*\([_A-Za-z][_A-Za-z0-9]*\)$/\1 \2 \2/p' \> conftest.nm
configure:6191: $? = 0
configure:6245: g++ -o conftest -g -O2 -Wall   conftest.cpp conftstm.o >&5
configure:6248: $? = 0
configure:6286: result: ok
configure:6382: g++ -c -g -O2 -Wall  conftest.cpp >&5
configure:6385: $? = 0
configure:7153: checking how to run the C preprocessor
configure:7193: gcc -E  conftest.c
configure:7200: $? = 0
configure:7231: gcc -E  conftest.c
conftest.c:10:28: fatal error: ac_nonexistent.h: No such file or directory
 #include <ac_nonexistent.h>
                            ^
compilation terminated.
configure:7238: $? = 1
configure: failed program was:
| /* confdefs.h.  */
| #define PACKAGE_NAME ""
| #define PACKAGE_TARNAME ""
| #define PACKAGE_VERSION ""
| #define PACKAGE_STRING ""
| #define PACKAGE_BUGREPORT ""
| #define PACKAGE "boolstuff"
| #define VERSION "0.1.13"
| /* end confdefs.h.  */
| #include <ac_nonexistent.h>
configure:7271: result: gcc -E
configure:7300: gcc -E  conftest.c
configure:7307: $? = 0
configure:7338: gcc -E  conftest.c
conftest.c:10:28: fatal error: ac_nonexistent.h: No such file or directory
 #include <ac_nonexistent.h>
                            ^
compilation terminated.
configure:7345: $? = 1
configure: failed program was:
| /* confdefs.h.  */
| #define PACKAGE_NAME ""
| #define PACKAGE_TARNAME ""
| #define PACKAGE_VERSION ""
| #define PACKAGE_STRING ""
| #define PACKAGE_BUGREPORT ""
| #define PACKAGE "boolstuff"
| #define VERSION "0.1.13"
| /* end confdefs.h.  */
| #include <ac_nonexistent.h>
configure:7385: checking for ANSI C header files
configure:7415: gcc -c -g -O2  conftest.c >&5
configure:7422: $? = 0
configure:7521: gcc -o conftest -g -O2   conftest.c  >&5
configure:7525: $? = 0
configure:7531: ./conftest
configure:7535: $? = 0
configure:7553: result: yes
configure:7577: checking for sys/types.h
configure:7598: gcc -c -g -O2  conftest.c >&5
configure:7605: $? = 0
configure:7622: result: yes
configure:7577: checking for sys/stat.h
configure:7598: gcc -c -g -O2  conftest.c >&5
configure:7605: $? = 0
configure:7622: result: yes
configure:7577: checking for stdlib.h
configure:7598: gcc -c -g -O2  conftest.c >&5
configure:7605: $? = 0
configure:7622: result: yes
configure:7577: checking for string.h
configure:7598: gcc -c -g -O2  conftest.c >&5
configure:7605: $? = 0
configure:7622: result: yes
configure:7577: checking for memory.h
configure:7598: gcc -c -g -O2  conftest.c >&5
configure:7605: $? = 0
configure:7622: result: yes
configure:7577: checking for strings.h
configure:7598: gcc -c -g -O2  conftest.c >&5
configure:7605: $? = 0
configure:7622: result: yes
configure:7577: checking for inttypes.h
configure:7598: gcc -c -g -O2  conftest.c >&5
configure:7605: $? = 0
configure:7622: result: yes
configure:7577: checking for stdint.h
configure:7598: gcc -c -g -O2  conftest.c >&5
configure:7605: $? = 0
configure:7622: result: yes
configure:7577: checking for unistd.h
configure:7598: gcc -c -g -O2  conftest.c >&5
configure:7605: $? = 0
configure:7622: result: yes
configure:7640: checking for dlfcn.h
configure:7661: gcc -c -g -O2  conftest.c >&5
configure:7668: $? = 0
configure:7685: result: yes
configure:7812: checking for C++ compiler version
configure:7820: g++ --version >&5
g++ (Ubuntu 4.8.2-19ubuntu1) 4.8.2
Copyright (C) 2013 Free Software Foundation, Inc.
This is free software; see the source for copying conditions.  There is NO
warranty; not even for MERCHANTABILITY or FITNESS FOR A PARTICULAR PURPOSE.

configure:7824: $? = 0
configure:7831: g++ -v >&5
Using built-in specs.
COLLECT_GCC=g++
COLLECT_LTO_WRAPPER=/usr/lib/gcc/x86_64-linux-gnu/4.8/lto-wrapper
Target: x86_64-linux-gnu
Configured with: ../src/configure -v --with-pkgversion='Ubuntu 4.8.2-19ubuntu1' --with-bugurl=file:///usr/share/doc/gcc-4.8/README.Bugs --enable-languages=c,c++,java,go,d,fortran,objc,obj-c++ --prefix=/usr --program-suffix=-4.8 --enable-shared --enable-linker-build-id --libexecdir=/usr/lib --without-included-gettext --enable-threads=posix --with-gxx-include-dir=/usr/include/c++/4.8 --libdir=/usr/lib --enable-nls --with-sysroot=/ --enable-clocale=gnu --enable-libstdcxx-debug --enable-libstdcxx-time=yes --enable-gnu-unique-object --disable-libmudflap --enable-plugin --with-system-zlib --disable-browser-plugin --enable-java-awt=gtk --enable-gtk-cairo --with-java-home=/usr/lib/jvm/java-1.5.0-gcj-4.8-amd64/jre --enable-java-home --with-jvm-root-dir=/usr/lib/jvm/java-1.5.0-gcj-4.8-amd64 --with-jvm-jar-dir=/usr/lib/jvm-exports/java-1.5.0-gcj-4.8-amd64 --with-arch-directory=amd64 --with-ecj-jar=/usr/share/java/eclipse-ecj.jar --enable-objc-gc --enable-multiarch --disable-werror --with-arch-32=i686 --with-abi=m64 --with-multilib-list=m32,m64,mx32 --with-tune=generic --enable-checking=release --build=x86_64-linux-gnu --host=x86_64-linux-gnu --target=x86_64-linux-gnu
Thread model: posix
gcc version 4.8.2 (Ubuntu 4.8.2-19ubuntu1) 
configure:7835: $? = 0
configure:7842: g++ -V >&5
g++: error: unrecognized command line option '-V'
g++: fatal error: no input files
compilation terminated.
configure:7846: $? = 4
configure:7849: checking whether we are using the GNU C++ compiler
configure:7902: result: yes
configure:7911: checking whether g++ accepts -g
configure:8049: result: yes
configure:8074: checking dependency style of g++
configure:8184: result: gcc3
configure:8207: checking how to run the C++ preprocessor
configure:8243: g++ -E  conftest.cpp
configure:8250: $? = 0
configure:8281: g++ -E  conftest.cpp
conftest.cpp:21:28: fatal error: ac_nonexistent.h: No such file or directory
 #include <ac_nonexistent.h>
                            ^
compilation terminated.
configure:8288: $? = 1
configure: failed program was:
| /* confdefs.h.  */
| #define PACKAGE_NAME ""
| #define PACKAGE_TARNAME ""
| #define PACKAGE_VERSION ""
| #define PACKAGE_STRING ""
| #define PACKAGE_BUGREPORT ""
| #define PACKAGE "boolstuff"
| #define VERSION "0.1.13"
| #define STDC_HEADERS 1
| #define HAVE_SYS_TYPES_H 1
| #define HAVE_SYS_STAT_H 1
| #define HAVE_STDLIB_H 1
| #define HAVE_STRING_H 1
| #define HAVE_MEMORY_H 1
| #define HAVE_STRINGS_H 1
| #define HAVE_INTTYPES_H 1
| #define HAVE_STDINT_H 1
| #define HAVE_UNISTD_H 1
| #define HAVE_DLFCN_H 1
| /* end confdefs.h.  */
| #include <ac_nonexistent.h>
configure:8321: result: g++ -E
configure:8350: g++ -E  conftest.cpp
configure:8357: $? = 0
configure:8388: g++ -E  conftest.cpp
conftest.cpp:21:28: fatal error: ac_nonexistent.h: No such file or directory
 #include <ac_nonexistent.h>
                            ^
compilation terminated.
configure:8395: $? = 1
configure: failed program was:
| /* confdefs.h.  */
| #define PACKAGE_NAME ""
| #define PACKAGE_TARNAME ""
| #define PACKAGE_VERSION ""
| #define PACKAGE_STRING ""
| #define PACKAGE_BUGREPORT ""
| #define PACKAGE "boolstuff"
| #define VERSION "0.1.13"
| #define STDC_HEADERS 1
| #define HAVE_SYS_TYPES_H 1
| #define HAVE_SYS_STAT_H 1
| #define HAVE_STDLIB_H 1
| #define HAVE_STRING_H 1
| #define HAVE_MEMORY_H 1
| #define HAVE_STRINGS_H 1
| #define HAVE_INTTYPES_H 1
| #define HAVE_STDINT_H 1
| #define HAVE_UNISTD_H 1
| #define HAVE_DLFCN_H 1
| /* end confdefs.h.  */
| #include <ac_nonexistent.h>
configure:8579: checking for objdir
configure:8594: result: .libs
configure:8890: checking if gcc supports -fno-rtti -fno-exceptions
configure:8908: gcc -c -g -O2  -fno-rtti -fno-exceptions conftest.c >&5
cc1: warning: command line option '-fno-rtti' is valid for C++/ObjC++ but not for C [enabled by default]
configure:8912: $? = 0
configure:8925: result: no
configure:8945: checking for gcc option to produce PIC
configure:9217: result: -fPIC -DPIC
configure:9229: checking if gcc PIC flag -fPIC -DPIC works
configure:9247: gcc -c -g -O2  -fPIC -DPIC -DPIC conftest.c >&5
configure:9251: $? = 0
configure:9264: result: yes
configure:9288: checking if gcc static flag -static works
configure:9316: result: yes
configure:9331: checking if gcc supports -c -o file.o
configure:9352: gcc -c -g -O2  -o out/conftest2.o conftest.c >&5
configure:9356: $? = 0
configure:9378: result: yes
configure:9386: checking if gcc supports -c -o file.o
configure:9433: result: yes
configure:9466: checking whether the gcc linker (/usr/bin/ld -m elf_x86_64) supports shared libraries
configure:10540: result: yes
configure:10577: checking whether -lc should be explicitly linked in
configure:10582: gcc -c -g -O2  conftest.c >&5
configure:10585: $? = 0
configure:10600: gcc -shared conftest.o  -v -Wl,-soname -Wl,conftest -o conftest 2\>\&1 \| /bin/grep  -lc  \>/dev/null 2\>\&1
configure:10603: $? = 0
configure:10615: result: no
configure:10779: checking dynamic linker characteristics
configure:11222: gcc -o conftest -g -O2   -Wl,-rpath -Wl,/foo conftest.c  >&5
configure:11229: $? = 0
configure:11465: result: GNU/Linux ld.so
configure:11567: checking how to hardcode library paths into programs
configure:11592: result: immediate
configure:12425: checking whether stripping libraries is possible
configure:12430: result: yes
configure:12465: checking if libtool supports shared libraries
configure:12467: result: yes
configure:12470: checking whether to build shared libraries
configure:12491: result: yes
configure:12494: checking whether to build static libraries
configure:12498: result: no
configure:12648: checking for ld used by g++
configure:12715: result: /usr/bin/ld -m elf_x86_64
configure:12724: checking if the linker (/usr/bin/ld -m elf_x86_64) is GNU ld
configure:12739: result: yes
configure:12794: checking whether the g++ linker (/usr/bin/ld -m elf_x86_64) supports shared libraries
configure:13769: result: yes
configure:13797: g++ -c -g -O2 -Wall  conftest.cpp >&5
configure:13800: $? = 0
configure:13982: checking for g++ option to produce PIC
configure:14299: result: -fPIC -DPIC
configure:14308: checking if g++ PIC flag -fPIC -DPIC works
configure:14326: g++ -c -g -O2 -Wall  -fPIC -DPIC -DPIC conftest.cpp >&5
configure:14330: $? = 0
configure:14343: result: yes
configure:14364: checking if g++ static flag -static works
configure:14392: result: yes
configure:14404: checking if g++ supports -c -o file.o
configure:14425: g++ -c -g -O2 -Wall  -o out/conftest2.o conftest.cpp >&5
configure:14429: $? = 0
configure:14451: result: yes
configure:14456: checking if g++ supports -c -o file.o
configure:14503: result: yes
configure:14533: checking whether the g++ linker (/usr/bin/ld -m elf_x86_64) supports shared libraries
configure:14559: result: yes
configure:14696: checking dynamic linker characteristics
configure:15087: g++ -o conftest -g -O2 -Wall   -Wl,-rpath -Wl,/foo conftest.cpp  >&5
configure:15094: $? = 0
configure:15330: result: GNU/Linux ld.so
configure:15381: checking how to hardcode library paths into programs
configure:15406: result: immediate
configure:15472: checking for perl
configure:15488: found /usr/bin/perl
configure:15499: result: perl
configure:15512: checking for perl module IPC::Open2
configure:15522: result: ok
configure:15555: checking getopt.h usability
configure:15572: g++ -c -g -O2 -Wall  conftest.cpp >&5
configure:15579: $? = 0
configure:15593: result: yes
configure:15597: checking getopt.h presence
configure:15612: g++ -E  conftest.cpp
configure:15619: $? = 0
configure:15633: result: yes
configure:15661: checking for getopt.h
configure:15668: result: yes
configure:15678: checking for getopt_long
configure:15734: g++ -o conftest -g -O2 -Wall   conftest.cpp  >&5
configure:15741: $? = 0
configure:15763: result: yes
configure:15790: checking whether the compiler implements namespaces
configure:15823: g++ -c -g -O2 -Wall  conftest.cpp >&5
configure:15830: $? = 0
configure:15852: result: yes
configure:15862: checking whether the compiler supports ISO C++ standard library
configure:15902: g++ -c -g -O2 -Wall  conftest.cpp >&5
configure:15909: $? = 0
configure:15931: result: yes
configure:15948: checking whether the compiler has stringstream
configure:15985: g++ -c -g -O2 -Wall  conftest.cpp >&5
configure:15992: $? = 0
configure:16014: result: yes
configure:16214: creating ./config.status

## ---------------------- ##
## Running config.status. ##
## ---------------------- ##

This file was extended by config.status, which was
generated by GNU Autoconf 2.63.  Invocation command line was

  CONFIG_FILES    = 
  CONFIG_HEADERS  = 
  CONFIG_LINKS    = 
  CONFIG_COMMANDS = 
  $ ./config.status 

on abdelrahman-laptop

config.status:984: creating Makefile
config.status:984: creating boolstuff-0.1.spec
config.status:984: creating boolstuff-0.1.pc
config.status:984: creating src/Makefile
config.status:984: creating src/boolstuff/Makefile
config.status:984: creating src/commands/Makefile
config.status:984: creating examples/Makefile
config.status:1195: executing depfiles commands
config.status:1195: executing libtool commands

## ---------------- ##
## Cache variables. ##
## ---------------- ##

ac_cv_build=x86_64-unknown-linux-gnu
ac_cv_c_compiler_gnu=yes
ac_cv_cxx_compiler_gnu=yes
ac_cv_cxx_have_sstream=yes
ac_cv_cxx_have_std=yes
ac_cv_cxx_namespaces=yes
ac_cv_env_CCC_set=
ac_cv_env_CCC_value=
ac_cv_env_CC_set=
ac_cv_env_CC_value=
ac_cv_env_CFLAGS_set=
ac_cv_env_CFLAGS_value=
ac_cv_env_CPPFLAGS_set=
ac_cv_env_CPPFLAGS_value=
ac_cv_env_CPP_set=
ac_cv_env_CPP_value=
ac_cv_env_CXXCPP_set=
ac_cv_env_CXXCPP_value=
ac_cv_env_CXXFLAGS_set=
ac_cv_env_CXXFLAGS_value=
ac_cv_env_CXX_set=
ac_cv_env_CXX_value=
ac_cv_env_LDFLAGS_set=
ac_cv_env_LDFLAGS_value=
ac_cv_env_LIBS_set=
ac_cv_env_LIBS_value=
ac_cv_env_build_alias_set=
ac_cv_env_build_alias_value=
ac_cv_env_host_alias_set=
ac_cv_env_host_alias_value=
ac_cv_env_target_alias_set=
ac_cv_env_target_alias_value=
ac_cv_func_getopt_long=yes
ac_cv_header_dlfcn_h=yes
ac_cv_header_getopt_h=yes
ac_cv_header_inttypes_h=yes
ac_cv_header_memory_h=yes
ac_cv_header_stdc=yes
ac_cv_header_stdint_h=yes
ac_cv_header_stdlib_h=yes
ac_cv_header_string_h=yes
ac_cv_header_strings_h=yes
ac_cv_header_sys_stat_h=yes
ac_cv_header_sys_types_h=yes
ac_cv_header_unistd_h=yes
ac_cv_host=x86_64-unknown-linux-gnu
ac_cv_objext=o
ac_cv_path_EGREP='/bin/grep -E'
ac_cv_path_FGREP='/bin/grep -F'
ac_cv_path_GREP=/bin/grep
ac_cv_path_SED=/bin/sed
ac_cv_path_install='/usr/bin/install -c'
ac_cv_path_mkdir=/bin/mkdir
ac_cv_prog_AWK=gawk
ac_cv_prog_CPP='gcc -E'
ac_cv_prog_CXXCPP='g++ -E'
ac_cv_prog_PERL=perl
ac_cv_prog_ac_ct_AR=ar
ac_cv_prog_ac_ct_CC=gcc
ac_cv_prog_ac_ct_CXX=g++
ac_cv_prog_ac_ct_OBJDUMP=objdump
ac_cv_prog_ac_ct_RANLIB=ranlib
ac_cv_prog_ac_ct_STRIP=strip
ac_cv_prog_cc_c89=
ac_cv_prog_cc_g=yes
ac_cv_prog_cc_gcc_c_o=yes
ac_cv_prog_cxx_g=yes
ac_cv_prog_make_make_set=yes
ac_cv_target=x86_64-unknown-linux-gnu
am_cv_CC_dependencies_compiler_type=gcc3
am_cv_CXX_dependencies_compiler_type=gcc3
lt_cv_deplibs_check_method=pass_all
lt_cv_file_magic_cmd='$MAGIC_CMD'
lt_cv_file_magic_test_file=
lt_cv_ld_reload_flag=-r
lt_cv_nm_interface='BSD nm'
lt_cv_objdir=.libs
lt_cv_path_LD=/usr/bin/ld
lt_cv_path_LDCXX='/usr/bin/ld -m elf_x86_64'
lt_cv_path_NM='/usr/bin/nm -B'
lt_cv_prog_compiler_c_o=yes
lt_cv_prog_compiler_c_o_CXX=yes
lt_cv_prog_compiler_pic_works=yes
lt_cv_prog_compiler_pic_works_CXX=yes
lt_cv_prog_compiler_rtti_exceptions=no
lt_cv_prog_compiler_static_works=yes
lt_cv_prog_compiler_static_works_CXX=yes
lt_cv_prog_gnu_ld=yes
lt_cv_prog_gnu_ldcxx=yes
lt_cv_sys_global_symbol_pipe='sed -n -e '\''s/^.*[	 ]\([ABCDGIRSTW][ABCDGIRSTW]*\)[	 ][	 ]*\([_A-Za-z][_A-Za-z0-9]*\)$/\1 \2 \2/p'\'''
lt_cv_sys_global_symbol_to_c_name_address='sed -n -e '\''s/^: \([^ ]*\) $/  {\"\1\", (void *) 0},/p'\'' -e '\''s/^[ABCDGIRSTW]* \([^ ]*\) \([^ ]*\)$/  {"\2", (void *) \&\2},/p'\'''
lt_cv_sys_global_symbol_to_c_name_address_lib_prefix='sed -n -e '\''s/^: \([^ ]*\) $/  {\"\1\", (void *) 0},/p'\'' -e '\''s/^[ABCDGIRSTW]* \([^ ]*\) \(lib[^ ]*\)$/  {"\2", (void *) \&\2},/p'\'' -e '\''s/^[ABCDGIRSTW]* \([^ ]*\) \([^ ]*\)$/  {"lib\2", (void *) \&\2},/p'\'''
lt_cv_sys_global_symbol_to_cdecl='sed -n -e '\''s/^T .* \(.*\)$/extern int \1();/p'\'' -e '\''s/^[ABCDGIRSTW]* .* \(.*\)$/extern char \1;/p'\'''
lt_cv_sys_max_cmd_len=3458764513820540925

## ----------------- ##
## Output variables. ##
## ----------------- ##

ACLOCAL='${SHELL} /home/abdelrahman/uchc/ADAM.private/superADAM/BNReduction/src/boolstuff-0.1.13/missing --run aclocal-1.11'
AMDEPBACKSLASH='\'
AMDEP_FALSE='#'
AMDEP_TRUE=''
AMTAR='${SHELL} /home/abdelrahman/uchc/ADAM.private/superADAM/BNReduction/src/boolstuff-0.1.13/missing --run tar'
API='0.1'
AR='ar'
AUTOCONF='${SHELL} /home/abdelrahman/uchc/ADAM.private/superADAM/BNReduction/src/boolstuff-0.1.13/missing --run autoconf'
AUTOHEADER='${SHELL} /home/abdelrahman/uchc/ADAM.private/superADAM/BNReduction/src/boolstuff-0.1.13/missing --run autoheader'
AUTOMAKE='${SHELL} /home/abdelrahman/uchc/ADAM.private/superADAM/BNReduction/src/boolstuff-0.1.13/missing --run automake-1.11'
AWK='gawk'
CC='gcc'
CCDEPMODE='depmode=gcc3'
CFLAGS='-g -O2'
CPP='gcc -E'
CPPFLAGS=''
CXX='g++'
CXXCPP='g++ -E'
CXXDEPMODE='depmode=gcc3'
CXXFLAGS='-g -O2 -Wall'
CYGPATH_W='echo'
DEFS='-DPACKAGE_NAME=\"\" -DPACKAGE_TARNAME=\"\" -DPACKAGE_VERSION=\"\" -DPACKAGE_STRING=\"\" -DPACKAGE_BUGREPORT=\"\" -DPACKAGE=\"boolstuff\" -DVERSION=\"0.1.13\" -DSTDC_HEADERS=1 -DHAVE_SYS_TYPES_H=1 -DHAVE_SYS_STAT_H=1 -DHAVE_STDLIB_H=1 -DHAVE_STRING_H=1 -DHAVE_MEMORY_H=1 -DHAVE_STRINGS_H=1 -DHAVE_INTTYPES_H=1 -DHAVE_STDINT_H=1 -DHAVE_UNISTD_H=1 -DHAVE_DLFCN_H=1 -DLT_OBJDIR=\".libs/\" -DHAVE_GETOPT_LONG=1 -DHAVE_NAMESPACES=/\*\*/ -DHAVE_STD=/\*\*/ -DHAVE_SSTREAM=/\*\*/'
DEPDIR='.deps'
DSYMUTIL=''
DUMPBIN=''
ECHO_C=''
ECHO_N='-n'
ECHO_T=''
EGREP='/bin/grep -E'
EXEEXT=''
FGREP='/bin/grep -F'
GREP='/bin/grep'
HAVE_GETOPT_LONG_FALSE='#'
HAVE_GETOPT_LONG_TRUE=''
INSTALL_DATA='${INSTALL} -m 644'
INSTALL_PROGRAM='${INSTALL}'
INSTALL_SCRIPT='${INSTALL}'
INSTALL_STRIP_PROGRAM='$(install_sh) -c -s'
LD='/usr/bin/ld -m elf_x86_64'
LDFLAGS=''
LIBOBJS=''
LIBS=''
LIBTOOL='$(SHELL) $(top_builddir)/libtool'
LIPO=''
LN_S='ln -s'
LTLIBOBJS=''
MAKEINFO='${SHELL} /home/abdelrahman/uchc/ADAM.private/superADAM/BNReduction/src/boolstuff-0.1.13/missing --run makeinfo'
MKDIR_P='/bin/mkdir -p'
NM='/usr/bin/nm -B'
NMEDIT=''
OBJDUMP='objdump'
OBJEXT='o'
OTOOL64=''
OTOOL=''
PACKAGE='boolstuff'
PACKAGE_BUGREPORT=''
PACKAGE_FULL_NAME='BoolStuff'
PACKAGE_NAME=''
PACKAGE_STRING=''
PACKAGE_SUMMARY_EN='Disjunctive Normal Form boolean expression library'
PACKAGE_SUMMARY_FR='Librairie calculant la forme normale disjonctive booléenne'
PACKAGE_TARNAME=''
PACKAGE_VERSION=''
PATH_SEPARATOR=':'
PERL='perl'
RANLIB='ranlib'
RELEASE='13'
SED='/bin/sed'
SET_MAKE=''
SHELL='/bin/bash'
STRIP='strip'
VERSION='0.1.13'
ac_ct_CC='gcc'
ac_ct_CXX='g++'
ac_ct_DUMPBIN=''
am__EXEEXT_FALSE=''
am__EXEEXT_TRUE='#'
am__fastdepCC_FALSE='#'
am__fastdepCC_TRUE=''
am__fastdepCXX_FALSE='#'
am__fastdepCXX_TRUE=''
am__include='include'
am__isrc=''
am__leading_dot='.'
am__quote=''
am__tar='${AMTAR} chof - "$$tardir"'
am__untar='${AMTAR} xf -'
bindir='${exec_prefix}/bin'
build='x86_64-unknown-linux-gnu'
build_alias=''
build_cpu='x86_64'
build_os='linux-gnu'
build_vendor='unknown'
datadir='${datarootdir}'
datarootdir='${prefix}/share'
docdir='${datarootdir}/doc/${PACKAGE}'
dvidir='${docdir}'
exec_prefix='${prefix}'
host='x86_64-unknown-linux-gnu'
host_alias=''
host_cpu='x86_64'
host_os='linux-gnu'
host_vendor='unknown'
htmldir='${docdir}'
includedir='${prefix}/include'
infodir='${datarootdir}/info'
install_sh='${SHELL} /home/abdelrahman/uchc/ADAM.private/superADAM/BNReduction/src/boolstuff-0.1.13/install-sh'
libdir='${exec_prefix}/lib'
libexecdir='${exec_prefix}/libexec'
localedir='${datarootdir}/locale'
localstatedir='${prefix}/var'
lt_ECHO='echo'
mandir='${datarootdir}/man'
mkdir_p='/bin/mkdir -p'
oldincludedir='/usr/include'
pdfdir='${docdir}'
prefix='/usr/local'
program_transform_name='s,x,x,'
psdir='${docdir}'
sbindir='${exec_prefix}/sbin'
sharedstatedir='${prefix}/com'
sysconfdir='${prefix}/etc'
target='x86_64-unknown-linux-gnu'
target_alias=''
target_cpu='x86_64'
target_os='linux-gnu'
target_vendor='unknown'

## ----------- ##
## confdefs.h. ##
## ----------- ##

#define PACKAGE_NAME ""
#define PACKAGE_TARNAME ""
#define PACKAGE_VERSION ""
#define PACKAGE_STRING ""
#define PACKAGE_BUGREPORT ""
#define PACKAGE "boolstuff"
#define VERSION "0.1.13"
#define STDC_HEADERS 1
#define HAVE_SYS_TYPES_H 1
#define HAVE_SYS_STAT_H 1
#define HAVE_STDLIB_H 1
#define HAVE_STRING_H 1
#define HAVE_MEMORY_H 1
#define HAVE_STRINGS_H 1
#define HAVE_INTTYPES_H 1
#define HAVE_STDINT_H 1
#define HAVE_UNISTD_H 1
#define HAVE_DLFCN_H 1
#define LT_OBJDIR ".libs/"
#define HAVE_GETOPT_LONG 1
#define HAVE_NAMESPACES /**/
#define HAVE_STD /**/
#define HAVE_SSTREAM /**/

configure: exit 0
